2024-11-29 12:29:44,416 - INFO - Script started.
2024-11-29 12:29:44,416 - INFO - Authenticating with Gmail...
2024-11-29 12:29:44,417 - INFO - file_cache is only supported with oauth2client<4.0.0
2024-11-29 12:29:44,417 - INFO - Successfully authenticated Gmail.
2024-11-29 12:29:44,417 - INFO - Fetching raw emails...
2024-11-29 12:29:47,602 - INFO - Fetched 10 raw emails.
2024-11-29 12:29:47,602 - INFO - Processing raw emails...
2024-11-29 12:29:47,608 - INFO - Processed 10 emails.
2024-11-29 12:29:47,608 - INFO - Starting email summarization...
2024-11-29 12:29:50,420 - INFO - Successfully summarized email with subject: Know Before You Go - LA Tech vs Kennesaw St
2024-11-29 12:30:42,444 - INFO - Script started.
2024-11-29 12:30:42,444 - INFO - Authenticating with Gmail...
2024-11-29 12:30:42,445 - INFO - file_cache is only supported with oauth2client<4.0.0
2024-11-29 12:30:42,445 - INFO - Successfully authenticated Gmail.
2024-11-29 12:30:42,445 - INFO - Fetching raw emails...
2024-11-29 12:30:43,409 - INFO - Fetched 2 raw emails.
2024-11-29 12:30:43,409 - INFO - Processing raw emails...
2024-11-29 12:30:43,438 - INFO - Processed 2 emails.
2024-11-29 12:30:43,438 - INFO - Starting email summarization...
2024-11-29 12:30:45,626 - INFO - Successfully summarized email with subject: Know Before You Go - LA Tech vs Kennesaw St
2024-11-29 12:31:09,498 - INFO - Successfully summarized email with subject: [Trylen22/Email-scraper] Possible valid secrets detected
2024-11-29 12:31:09,498 - INFO - Script completed successfully.
2024-11-29 12:31:09,499 - INFO - Script execution finished.
